#-----------------------------------------------------------
# Vivado v2017.4 (64-bit)
# SW Build 2086221 on Fri Dec 15 20:55:39 MST 2017
# IP Build 2085800 on Fri Dec 15 22:25:07 MST 2017
# Start of session at: Mon Dec 23 22:09:31 2024
# Process ID: 3172
# Current directory: I:/Desktop/Tesr
# Command line: vivado.exe -gui_launcher_event rodinguilauncherevent27500 I:\Desktop\Tesr\Tesr.xpr
# Log file: I:/Desktop/Tesr/vivado.log
# Journal file: I:/Desktop/Tesr\vivado.jou
#-----------------------------------------------------------
start_gui
open_project I:/Desktop/Tesr/Tesr.xpr
Scanning sources...
Finished scanning sources
INFO: [IP_Flow 19-234] Refreshing IP repositories
INFO: [IP_Flow 19-1704] No user IP repositories specified
INFO: [IP_Flow 19-2313] Loaded Vivado IP repository 'F:/Vivado/2017.4/data/ip'.
open_project: Time (s): cpu = 00:00:06 ; elapsed = 00:00:07 . Memory (MB): peak = 819.844 ; gain = 59.410
exit
INFO: [Common 17-206] Exiting Vivadadd_files -norecurse I:/Desktop/Tesr/Tesr.srcs/sources_1/new/is_button_pressed.v
update_compile_order -fileset sources_1
exit
INFO: [Common 17-206] Exiting Vivado at Mon Dec 23 22:11:51 2024...
